\BOOKMARK [0][-]{chapter.1}{Konzeptionierung}{}% 1
\BOOKMARK [0][-]{chapter.2}{Die Kamera}{}% 2
\BOOKMARK [0][-]{chapter.3}{GameObject ``Player`` \046 Komponenten}{}% 3
\BOOKMARK [1][-]{section.3.1}{SpriteRenderer}{chapter.3}% 4
\BOOKMARK [1][-]{section.3.2}{AttributeComponent Skript}{chapter.3}% 5
\BOOKMARK [1][-]{section.3.3}{CharacterMovement Skript}{chapter.3}% 6
\BOOKMARK [1][-]{section.3.4}{MeleeSystem Skript}{chapter.3}% 7
\BOOKMARK [1][-]{section.3.5}{HealthSystem Skript}{chapter.3}% 8
\BOOKMARK [0][-]{chapter.4}{Enemies}{}% 9
\BOOKMARK [0][-]{chapter.5}{Endboss}{}% 10
\BOOKMARK [0][-]{chapter.6}{Grafiken und Animationen}{}% 11
\BOOKMARK [0][-]{chapter.7}{Sounds}{}% 12
\BOOKMARK [0][-]{chapter.8}{Spielobjekte}{}% 13
\BOOKMARK [1][-]{section.8.1}{Truhe}{chapter.8}% 14
\BOOKMARK [1][-]{section.8.2}{Pickups}{chapter.8}% 15
\BOOKMARK [0][-]{chapter.9}{Events}{}% 16
\BOOKMARK [0][-]{chapter.10}{Demolevel}{}% 17
\BOOKMARK [0][-]{chapter.11}{Men\374f\374hrung}{}% 18
\BOOKMARK [0][-]{chapter.12}{Head-Up-Display \046 Tooltips}{}% 19
\BOOKMARK [0][-]{chapter.13}{Zielsetzung}{}% 20
\BOOKMARK [0][-]{chapter.14}{Abschlussanalyse}{}% 21
